[12:04:2026]-[17:26:26]_surprise_running
[12:04:2026]-[17:26:26]_surprise_running
[12:04:2026]-[17:26:26]_secret_running
[12:04:2026]-[17:26:26]_secret_success
[12:04:2026]-[17:26:36]_surprise_success
[12:04:2026]-[17:26:36]_secret_running
[12:04:2026]-[17:26:36]_secret_success
[12:04:2026]-[17:26:46]_surprise_success
[12:04:2026]-[17:26:46]_secret_running
[12:04:2026]-[17:26:46]_secret_success
[12:04:2026]-[17:26:56]_surprise_success
[12:04:2026]-[17:26:56]_secret_running
[12:04:2026]-[17:26:56]_secret_success
[12:04:2026]-[17:27:06]_surprise_success
[12:04:2026]-[17:27:06]_secret_running
[12:04:2026]-[17:27:06]_secret_success
[12:04:2026]-[17:27:16]_surprise_success
[12:04:2026]-[17:27:16]_secret_running
[12:04:2026]-[17:27:16]_secret_success
[12:04:2026]-[17:27:27]_surprise_success
[12:04:2026]-[17:27:27]_secret_running
[12:04:2026]-[17:27:27]_secret_success
[12:04:2026]-[17:27:30]_decrypt_running
[12:04:2026]-[17:27:30]_decrypt_success
[12:04:2026]-[17:27:37]_surprise_success
[12:04:2026]-[17:27:37]_secret_running
[12:04:2026]-[17:27:37]_secret_success
[12:04:2026]-[17:27:40]_kill_running
[12:04:2026]-[17:27:40]_kill_success
[12:04:2026]-[17:27:45]_kill_running
[12:04:2026]-[17:27:45]_kill_error
